2023-02-12 14:11:06 DEBUG TelegramBot:26 - fghf
2023-02-12 14:11:08 DEBUG TelegramBot:26 - ghjghkk
2023-02-12 14:11:09 DEBUG TelegramBot:26 - dfhdfg
2023-02-12 14:13:06 DEBUG TelegramBot:26 - dfgd
2023-02-12 14:13:07 DEBUG TelegramBot:26 - dfg
2023-02-12 14:13:08 DEBUG TelegramBot:26 - dfh
2023-02-12 14:13:08 DEBUG TelegramBot:26 - sdfg
2023-02-12 14:13:08 DEBUG TelegramBot:26 - ds
2023-02-12 14:13:09 DEBUG TelegramBot:26 - fh
2023-02-12 14:13:09 DEBUG TelegramBot:26 - dsfh
2023-02-12 14:13:09 DEBUG TelegramBot:26 - ds
2023-02-12 14:13:09 DEBUG TelegramBot:26 - h
2023-02-12 14:13:10 DEBUG TelegramBot:26 - df
2023-02-12 14:13:10 DEBUG TelegramBot:26 - dsfg
2023-02-12 14:13:10 DEBUG TelegramBot:26 - ds
2023-02-12 14:13:11 DEBUG TelegramBot:26 - gdffffg
2023-02-12 14:13:13 DEBUG TelegramBot:26 - dfgdfhsd
2023-02-12 14:13:14 DEBUG TelegramBot:26 - dsfgdfh
2023-02-12 14:13:16 DEBUG TelegramBot:26 - sdfgdfgds
2023-02-12 14:13:17 DEBUG TelegramBot:26 - sdfgsdfgdsfs
