2023-02-12 14:17:48 DEBUG TelegramBot:25 - dfg
2023-02-12 14:18:21 DEBUG TelegramBot:25 - hghgi
2023-02-12 16:09:24 DEBUG TelegramBot:33 - f
2023-02-12 16:09:29 DEBUG TelegramBot:33 - Почати тренування
2023-02-12 16:09:30 DEBUG TelegramBot:33 - Додати тренування
2023-02-12 16:09:31 DEBUG TelegramBot:33 - Мої тренування
2023-02-12 16:09:31 DEBUG TelegramBot:33 - Додати тренування
2023-02-12 16:09:32 DEBUG TelegramBot:33 - Почати тренування
2023-02-12 16:09:32 DEBUG TelegramBot:33 - Додати тренування
2023-02-12 16:09:33 DEBUG TelegramBot:33 - Мої тренування
2023-02-12 16:09:33 DEBUG TelegramBot:33 - Додати тренування
2023-02-12 16:09:34 DEBUG TelegramBot:33 - Почати тренування
2023-02-12 16:09:34 DEBUG TelegramBot:33 - Додати тренування
2023-02-12 16:09:35 DEBUG TelegramBot:33 - Мої тренування
2023-02-12 16:09:35 DEBUG TelegramBot:33 - Додати тренування
2023-02-12 16:09:35 DEBUG TelegramBot:33 - Почати тренування
2023-02-12 16:09:36 DEBUG TelegramBot:33 - Додати тренування
2023-02-12 16:09:36 DEBUG TelegramBot:33 - Мої тренування
2023-02-12 16:09:36 DEBUG TelegramBot:33 - Додати тренування
2023-02-12 16:09:36 DEBUG TelegramBot:33 - Почати тренування
2023-02-12 16:09:37 DEBUG TelegramBot:33 - Мої тренування
2023-02-12 16:09:37 DEBUG TelegramBot:33 - Додати тренування
2023-02-12 16:09:38 DEBUG TelegramBot:33 - Почати тренування
2023-02-12 16:09:38 DEBUG TelegramBot:33 - Мої тренування
2023-02-12 16:09:38 DEBUG TelegramBot:33 - Мої тренування
2023-02-12 16:09:39 DEBUG TelegramBot:33 - Додати тренування
2023-02-12 16:09:39 DEBUG TelegramBot:33 - Почати тренування
2023-02-12 16:09:39 DEBUG TelegramBot:33 - Додати тренування
2023-02-12 16:09:40 DEBUG TelegramBot:33 - Мої тренування
2023-02-12 16:09:40 DEBUG TelegramBot:33 - Додати тренування
2023-02-12 16:09:40 DEBUG TelegramBot:33 - Додати тренування
2023-02-12 16:09:41 DEBUG TelegramBot:33 - Додати тренування
2023-02-12 16:09:41 DEBUG TelegramBot:33 - Додати тренування
2023-02-12 16:09:41 DEBUG TelegramBot:33 - Почати тренування
2023-02-12 16:09:42 DEBUG TelegramBot:33 - Почати тренування
2023-02-12 16:09:42 DEBUG TelegramBot:33 - Додати тренування
2023-02-12 16:09:42 DEBUG TelegramBot:33 - Мої тренування
2023-02-12 16:09:42 DEBUG TelegramBot:33 - Мої тренування
2023-02-12 16:09:43 DEBUG TelegramBot:33 - Мої тренування
2023-02-12 16:09:43 DEBUG TelegramBot:33 - Мої тренування
2023-02-12 16:09:43 DEBUG TelegramBot:33 - Мої тренування
2023-02-12 16:09:43 DEBUG TelegramBot:33 - Додати тренування
2023-02-12 16:09:44 DEBUG TelegramBot:33 - Додати тренування
2023-02-12 16:09:44 DEBUG TelegramBot:33 - Почати тренування
2023-02-12 16:09:44 DEBUG TelegramBot:33 - Додати тренування
2023-02-12 16:09:45 DEBUG TelegramBot:33 - Додати тренування
2023-02-12 16:09:45 DEBUG TelegramBot:33 - Мої тренування
2023-02-12 16:09:45 DEBUG TelegramBot:33 - Мої тренування
2023-02-12 16:09:46 DEBUG TelegramBot:33 - Почати тренування
2023-02-12 16:09:46 DEBUG TelegramBot:33 - Почати тренування
2023-02-12 16:09:46 DEBUG TelegramBot:33 - Додати тренування
2023-02-12 16:09:46 DEBUG TelegramBot:33 - Додати тренування
2023-02-12 16:09:47 DEBUG TelegramBot:33 - Мої тренування
2023-02-12 16:09:47 DEBUG TelegramBot:33 - Мої тренування
2023-02-12 16:09:47 DEBUG TelegramBot:33 - Почати тренування
2023-02-12 16:09:48 DEBUG TelegramBot:33 - Додати тренування
2023-02-12 16:09:48 DEBUG TelegramBot:33 - Мої тренування
2023-02-12 16:09:49 DEBUG TelegramBot:33 - Почати тренування
2023-02-12 16:09:49 DEBUG TelegramBot:33 - Почати тренування
2023-02-12 16:09:49 DEBUG TelegramBot:33 - Додати тренування
2023-02-12 16:09:49 DEBUG TelegramBot:33 - Мої тренування
2023-02-12 16:09:49 DEBUG TelegramBot:33 - Мої тренування
2023-02-12 16:09:50 DEBUG TelegramBot:33 - Почати тренування
2023-02-12 16:09:50 DEBUG TelegramBot:33 - Почати тренування
2023-02-12 16:09:50 DEBUG TelegramBot:33 - Додати тренування
2023-02-12 16:09:51 DEBUG TelegramBot:33 - Додати тренування
2023-02-12 16:09:51 DEBUG TelegramBot:33 - Мої тренування
2023-02-12 16:09:51 DEBUG TelegramBot:33 - Додати тренування
2023-02-12 16:09:51 DEBUG TelegramBot:33 - Почати тренування
2023-02-12 16:09:52 DEBUG TelegramBot:33 - Додати тренування
2023-02-12 16:09:52 DEBUG TelegramBot:33 - Додати тренування
2023-02-12 16:09:53 DEBUG TelegramBot:33 - Мої тренування
2023-02-12 16:09:53 DEBUG TelegramBot:33 - Додати тренування
2023-02-12 16:09:53 DEBUG TelegramBot:33 - Додати тренування
2023-02-12 16:09:54 DEBUG TelegramBot:33 - Почати тренування
2023-02-12 16:09:54 DEBUG TelegramBot:33 - Почати тренування
2023-02-12 16:09:54 DEBUG TelegramBot:33 - Додати тренування
2023-02-12 16:09:54 DEBUG TelegramBot:33 - Додати тренування
2023-02-12 16:09:55 DEBUG TelegramBot:33 - Мої тренування
2023-02-12 16:09:55 DEBUG TelegramBot:33 - Додати тренування
2023-02-12 16:09:55 DEBUG TelegramBot:33 - Почати тренування
2023-02-12 16:09:56 DEBUG TelegramBot:33 - Почати тренування
2023-02-12 16:09:56 DEBUG TelegramBot:33 - Почати тренування
2023-02-12 16:09:57 DEBUG TelegramBot:33 - Додати тренування
2023-02-12 16:09:57 DEBUG TelegramBot:33 - Мої тренування
2023-02-12 16:09:58 DEBUG TelegramBot:33 - Додати тренування
2023-02-12 16:09:58 DEBUG TelegramBot:33 - Почати тренування
2023-02-12 16:09:58 DEBUG TelegramBot:33 - Додати тренування
2023-02-12 16:09:59 DEBUG TelegramBot:33 - Мої тренування
2023-02-12 16:09:59 DEBUG TelegramBot:33 - Додати тренування
2023-02-12 16:10:00 DEBUG TelegramBot:33 - Почати тренування
2023-02-12 16:10:00 DEBUG TelegramBot:33 - Додати тренування
2023-02-12 16:10:00 DEBUG TelegramBot:33 - Мої тренування
2023-02-12 16:10:01 DEBUG TelegramBot:33 - Додати тренування
2023-02-12 16:10:01 DEBUG TelegramBot:33 - Почати тренування
2023-02-12 16:10:02 DEBUG TelegramBot:33 - Мої тренування
2023-02-12 16:10:02 DEBUG TelegramBot:33 - Додати тренування
2023-02-12 16:10:52 DEBUG TelegramBot:33 - Почати тренування
2023-02-12 16:10:53 DEBUG TelegramBot:33 - Додати тренування
2023-02-12 16:11:26 DEBUG TelegramBot:33 - Почати тренування
2023-02-12 16:12:44 DEBUG TelegramBot:33 - Почати тренування
2023-02-12 16:13:42 DEBUG TelegramBot:33 - Мої тренування
2023-02-12 16:13:44 DEBUG TelegramBot:33 - Почати тренування
2023-02-12 16:13:44 DEBUG TelegramBot:33 - Додати тренування
2023-02-12 16:13:45 DEBUG TelegramBot:33 - Мої тренування
2023-02-12 16:13:45 DEBUG TelegramBot:33 - Почати тренування
2023-02-12 16:13:46 DEBUG TelegramBot:33 - Додати тренування
2023-02-12 16:13:46 DEBUG TelegramBot:33 - Почати тренування
2023-02-12 16:13:47 DEBUG TelegramBot:33 - Мої тренування
2023-02-12 16:13:47 DEBUG TelegramBot:33 - Почати тренування
2023-02-12 16:13:48 DEBUG TelegramBot:33 - Додати тренування
2023-02-12 16:13:48 DEBUG TelegramBot:33 - Мої тренування
2023-02-12 16:13:48 DEBUG TelegramBot:33 - Почати тренування
2023-02-12 16:13:49 DEBUG TelegramBot:33 - Додати тренування
2023-02-12 16:13:49 DEBUG TelegramBot:33 - Мої тренування
2023-02-12 16:13:50 DEBUG TelegramBot:33 - Мої тренування
2023-02-12 16:13:51 DEBUG TelegramBot:33 - Додати тренування
2023-02-12 16:13:51 DEBUG TelegramBot:33 - Почати тренування
2023-02-12 16:13:51 DEBUG TelegramBot:33 - Мої тренування
2023-02-12 16:13:52 DEBUG TelegramBot:33 - Додати тренування
2023-02-12 16:13:52 DEBUG TelegramBot:33 - Почати тренування
2023-02-12 16:13:53 DEBUG TelegramBot:33 - Мої тренування
2023-02-12 16:13:53 DEBUG TelegramBot:33 - Додати тренування
2023-02-12 16:13:53 DEBUG TelegramBot:33 - Мої тренування
2023-02-12 16:13:54 DEBUG TelegramBot:33 - Додати тренування
2023-02-12 16:13:54 DEBUG TelegramBot:33 - Почати тренування
2023-02-12 16:13:55 DEBUG TelegramBot:33 - Додати тренування
2023-02-12 16:13:55 DEBUG TelegramBot:33 - Почати тренування
2023-02-12 16:13:56 DEBUG TelegramBot:33 - Додати тренування
2023-02-12 16:13:56 DEBUG TelegramBot:33 - Почати тренування
2023-02-12 16:13:56 DEBUG TelegramBot:33 - Мої тренування
2023-02-12 16:13:57 DEBUG TelegramBot:33 - Додати тренування
2023-02-12 16:13:57 DEBUG TelegramBot:33 - Почати тренування
2023-02-12 16:13:58 DEBUG TelegramBot:33 - Мої тренування
2023-02-12 16:13:58 DEBUG TelegramBot:33 - Мої тренування
2023-02-12 16:13:58 DEBUG TelegramBot:33 - Почати тренування
2023-02-12 16:13:59 DEBUG TelegramBot:33 - Мої тренування
2023-02-12 16:13:59 DEBUG TelegramBot:33 - Мої тренування
2023-02-12 16:13:59 DEBUG TelegramBot:33 - Додати тренування
2023-02-12 16:13:59 DEBUG TelegramBot:33 - Додати тренування
2023-02-12 16:14:00 DEBUG TelegramBot:33 - Почати тренування
2023-02-12 16:14:00 DEBUG TelegramBot:33 - Мої тренування
2023-02-12 16:14:01 DEBUG TelegramBot:33 - Додати тренування
2023-02-12 16:14:01 DEBUG TelegramBot:33 - Почати тренування
2023-02-12 16:14:01 DEBUG TelegramBot:33 - Мої тренування
2023-02-12 16:14:01 DEBUG TelegramBot:33 - Мої тренування
2023-02-12 16:14:02 DEBUG TelegramBot:33 - Додати тренування
2023-02-12 16:14:02 DEBUG TelegramBot:33 - Додати тренування
2023-02-12 16:14:05 DEBUG TelegramBot:33 - Мої тренування
2023-02-12 16:14:05 DEBUG TelegramBot:33 - Мої тренування
2023-02-12 16:14:06 DEBUG TelegramBot:33 - Додати тренування
2023-02-12 16:14:06 DEBUG TelegramBot:33 - Почати тренування
2023-02-12 16:14:06 DEBUG TelegramBot:33 - Додати тренування
2023-02-12 16:14:06 DEBUG TelegramBot:33 - Почати тренування
2023-02-12 16:14:06 DEBUG TelegramBot:33 - Додати тренування
2023-02-12 16:14:06 DEBUG TelegramBot:33 - Почати тренування
2023-02-12 16:14:06 DEBUG TelegramBot:33 - Додати тренування
2023-02-12 16:14:06 DEBUG TelegramBot:33 - Мої тренування
2023-02-12 16:14:07 DEBUG TelegramBot:33 - Почати тренування
2023-02-12 16:14:07 DEBUG TelegramBot:33 - Мої тренування
2023-02-12 16:14:08 DEBUG TelegramBot:33 - Почати тренування
2023-02-12 16:14:08 DEBUG TelegramBot:33 - Мої тренування
2023-02-12 16:17:20 DEBUG TelegramBot:33 - Почати тренування
2023-02-12 19:05:28 ERROR ShowWorkoutMenuKeyboardMarkup:67 - You don`t have workouts
2023-02-12 19:15:05 ERROR ShowWorkoutMenuKeyboardMarkup:67 - You don`t have workouts
2023-02-12 19:15:59 ERROR ShowWorkoutMenuKeyboardMarkup:67 - You don`t have workouts
2023-02-12 19:15:59 ERROR TelegramMessageHandlerImpl:40 - com.develop.telegram.exceptions.NotAddedWorkoutsException: You don`t have workouts
2023-02-12 19:22:24 ERROR ShowWorkoutMenuKeyboardMarkup:67 - You don`t have workouts
2023-02-12 19:22:24 ERROR TelegramMessageHandlerImpl:46 - com.develop.telegram.exceptions.NotAddedWorkoutsException: You don`t have workouts
2023-02-12 19:23:37 ERROR ShowWorkoutMenuKeyboardMarkup:67 - You don`t have workouts
2023-02-12 19:23:37 ERROR TelegramMessageHandlerImpl:46 - com.develop.telegram.exceptions.NotAddedWorkoutsException: You don`t have workouts
2023-02-12 19:24:57 ERROR ShowWorkoutMenuKeyboardMarkup:67 - You don`t have workouts
2023-02-12 19:25:00 ERROR ShowWorkoutMenuKeyboardMarkup:67 - You don`t have workouts
2023-02-12 19:25:07 ERROR TelegramMessageHandlerImpl:47 - com.develop.telegram.exceptions.NotAddedWorkoutsException: You don`t have workouts
2023-02-12 19:26:34 ERROR ShowWorkoutMenuKeyboardMarkup:67 - You don`t have workouts
2023-02-12 19:26:34 ERROR TelegramMessageHandlerImpl:48 - com.develop.telegram.exceptions.NotAddedWorkoutsException: You don`t have workouts
2023-02-12 19:26:49 ERROR ShowWorkoutMenuKeyboardMarkup:67 - You don`t have workouts
2023-02-12 19:26:49 ERROR TelegramMessageHandlerImpl:48 - com.develop.telegram.exceptions.NotAddedWorkoutsException: You don`t have workouts
2023-02-12 19:26:50 ERROR ShowWorkoutMenuKeyboardMarkup:67 - You don`t have workouts
2023-02-12 19:26:50 ERROR TelegramMessageHandlerImpl:48 - com.develop.telegram.exceptions.NotAddedWorkoutsException: You don`t have workouts
2023-02-12 19:26:51 ERROR ShowWorkoutMenuKeyboardMarkup:67 - You don`t have workouts
2023-02-12 19:26:51 ERROR TelegramMessageHandlerImpl:48 - com.develop.telegram.exceptions.NotAddedWorkoutsException: You don`t have workouts
2023-02-12 19:26:52 ERROR ShowWorkoutMenuKeyboardMarkup:67 - You don`t have workouts
2023-02-12 19:26:52 ERROR TelegramMessageHandlerImpl:48 - com.develop.telegram.exceptions.NotAddedWorkoutsException: You don`t have workouts
2023-02-12 19:26:53 ERROR ShowWorkoutMenuKeyboardMarkup:67 - You don`t have workouts
2023-02-12 19:26:53 ERROR TelegramMessageHandlerImpl:48 - com.develop.telegram.exceptions.NotAddedWorkoutsException: You don`t have workouts
2023-02-12 19:26:54 ERROR ShowWorkoutMenuKeyboardMarkup:67 - You don`t have workouts
2023-02-12 19:26:54 ERROR TelegramMessageHandlerImpl:48 - com.develop.telegram.exceptions.NotAddedWorkoutsException: You don`t have workouts
2023-02-12 19:26:55 ERROR ShowWorkoutMenuKeyboardMarkup:67 - You don`t have workouts
2023-02-12 19:26:55 ERROR TelegramMessageHandlerImpl:48 - com.develop.telegram.exceptions.NotAddedWorkoutsException: You don`t have workouts
2023-02-12 19:26:55 ERROR ShowWorkoutMenuKeyboardMarkup:67 - You don`t have workouts
2023-02-12 19:26:55 ERROR TelegramMessageHandlerImpl:48 - com.develop.telegram.exceptions.NotAddedWorkoutsException: You don`t have workouts
2023-02-12 19:26:56 ERROR ShowWorkoutMenuKeyboardMarkup:67 - You don`t have workouts
2023-02-12 19:26:56 ERROR TelegramMessageHandlerImpl:48 - com.develop.telegram.exceptions.NotAddedWorkoutsException: You don`t have workouts
2023-02-12 19:26:56 ERROR ShowWorkoutMenuKeyboardMarkup:67 - You don`t have workouts
2023-02-12 19:26:56 ERROR TelegramMessageHandlerImpl:48 - com.develop.telegram.exceptions.NotAddedWorkoutsException: You don`t have workouts
2023-02-12 19:26:57 ERROR ShowWorkoutMenuKeyboardMarkup:67 - You don`t have workouts
2023-02-12 19:26:57 ERROR TelegramMessageHandlerImpl:48 - com.develop.telegram.exceptions.NotAddedWorkoutsException: You don`t have workouts
2023-02-12 19:26:57 ERROR ShowWorkoutMenuKeyboardMarkup:67 - You don`t have workouts
2023-02-12 19:26:57 ERROR TelegramMessageHandlerImpl:48 - com.develop.telegram.exceptions.NotAddedWorkoutsException: You don`t have workouts
2023-02-12 19:26:58 ERROR ShowWorkoutMenuKeyboardMarkup:67 - You don`t have workouts
2023-02-12 19:26:58 ERROR TelegramMessageHandlerImpl:48 - com.develop.telegram.exceptions.NotAddedWorkoutsException: You don`t have workouts
2023-02-12 19:26:58 ERROR ShowWorkoutMenuKeyboardMarkup:67 - You don`t have workouts
2023-02-12 19:26:58 ERROR TelegramMessageHandlerImpl:48 - com.develop.telegram.exceptions.NotAddedWorkoutsException: You don`t have workouts
2023-02-12 19:26:59 ERROR ShowWorkoutMenuKeyboardMarkup:67 - You don`t have workouts
2023-02-12 19:26:59 ERROR TelegramMessageHandlerImpl:48 - com.develop.telegram.exceptions.NotAddedWorkoutsException: You don`t have workouts
2023-02-12 19:29:48 ERROR ShowWorkoutMenuKeyboardMarkup:67 - You don`t have workouts
2023-02-12 19:29:48 ERROR TelegramMessageHandlerImpl:55 - com.develop.telegram.exceptions.NotAddedWorkoutsException: You don`t have workouts
2023-02-12 19:29:48 ERROR ShowWorkoutMenuKeyboardMarkup:67 - You don`t have workouts
2023-02-12 19:31:44 ERROR ShowWorkoutMenuKeyboardMarkup:67 - You don`t have workouts
2023-02-12 19:31:44 ERROR TelegramMessageHandlerImpl:56 - com.develop.telegram.exceptions.NotAddedWorkoutsException: You don`t have workouts
2023-02-12 19:31:47 ERROR ShowWorkoutMenuKeyboardMarkup:67 - You don`t have workouts
2023-02-12 19:31:47 ERROR TelegramMessageHandlerImpl:56 - com.develop.telegram.exceptions.NotAddedWorkoutsException: You don`t have workouts
2023-02-12 19:31:50 ERROR ShowWorkoutMenuKeyboardMarkup:67 - You don`t have workouts
2023-02-12 19:31:50 ERROR TelegramMessageHandlerImpl:56 - com.develop.telegram.exceptions.NotAddedWorkoutsException: You don`t have workouts
2023-02-12 19:31:54 ERROR ShowWorkoutMenuKeyboardMarkup:67 - You don`t have workouts
2023-02-12 19:31:54 ERROR TelegramMessageHandlerImpl:56 - com.develop.telegram.exceptions.NotAddedWorkoutsException: You don`t have workouts
2023-02-12 19:31:56 ERROR ShowWorkoutMenuKeyboardMarkup:67 - You don`t have workouts
2023-02-12 19:31:56 ERROR TelegramMessageHandlerImpl:56 - com.develop.telegram.exceptions.NotAddedWorkoutsException: You don`t have workouts
2023-02-12 19:31:58 ERROR ShowWorkoutMenuKeyboardMarkup:67 - You don`t have workouts
2023-02-12 19:31:58 ERROR TelegramMessageHandlerImpl:56 - com.develop.telegram.exceptions.NotAddedWorkoutsException: You don`t have workouts
2023-02-12 19:31:59 ERROR ShowWorkoutMenuKeyboardMarkup:67 - You don`t have workouts
2023-02-12 19:31:59 ERROR TelegramMessageHandlerImpl:56 - com.develop.telegram.exceptions.NotAddedWorkoutsException: You don`t have workouts
2023-02-12 19:33:54 ERROR ShowWorkoutMenuKeyboardMarkup:67 - You don`t have workouts
2023-02-12 19:33:54 ERROR TelegramMessageHandlerImpl:57 - com.develop.telegram.exceptions.NotAddedWorkoutsException: You don`t have workouts
2023-02-12 19:46:27 ERROR TelegramMessageHandlerImpl:67 - com.develop.telegram.exceptions.UnsupportedBotStateException: Unsupported Bot State: SHOW_ADD_WORKOUT_MENU
2023-02-12 19:47:02 ERROR TelegramMessageHandlerImpl:67 - com.develop.telegram.exceptions.UnsupportedBotStateException: Unsupported Bot State: SHOW_MY_TRAINING_MENU
2023-02-12 19:47:34 ERROR ShowWorkoutMenuKeyboardMarkup:67 - You don`t have workouts
2023-02-12 19:47:34 ERROR TelegramMessageHandlerImpl:60 - com.develop.telegram.exceptions.NotAddedWorkoutsException: You don`t have workouts
2023-02-12 19:47:42 ERROR ShowWorkoutMenuKeyboardMarkup:67 - You don`t have workouts
2023-02-12 19:47:42 ERROR TelegramMessageHandlerImpl:60 - com.develop.telegram.exceptions.NotAddedWorkoutsException: You don`t have workouts
2023-02-12 19:47:44 ERROR TelegramMessageHandlerImpl:67 - com.develop.telegram.exceptions.UnsupportedBotStateException: Unsupported Bot State: SHOW_ADD_WORKOUT_MENU
2023-02-12 19:47:47 ERROR ShowWorkoutMenuKeyboardMarkup:67 - You don`t have workouts
2023-02-12 19:47:47 ERROR TelegramMessageHandlerImpl:60 - com.develop.telegram.exceptions.NotAddedWorkoutsException: You don`t have workouts
2023-02-12 19:47:50 ERROR ShowWorkoutMenuKeyboardMarkup:67 - You don`t have workouts
2023-02-12 19:47:50 ERROR TelegramMessageHandlerImpl:60 - com.develop.telegram.exceptions.NotAddedWorkoutsException: You don`t have workouts
2023-02-12 19:49:57 ERROR ShowWorkoutMenuKeyboardMarkup:67 - You don`t have workouts
2023-02-12 19:49:57 ERROR TelegramMessageHandlerImpl:56 - com.develop.telegram.exceptions.NotAddedWorkoutsException: You don`t have workouts
2023-02-12 19:56:33 ERROR ShowWorkoutMenuKeyboardMarkup:67 - You don`t have workouts
2023-02-12 19:56:33 ERROR TelegramMessageHandlerImpl:58 - com.develop.telegram.exceptions.NotAddedWorkoutsException: You don`t have workouts
2023-02-12 19:57:23 ERROR TelegramMessageHandlerImpl:61 - com.develop.telegram.exceptions.UnsupportedBotStateException: Unsupported Bot State: SHOW_ADD_WORKOUT_MENU
2023-02-12 19:57:35 ERROR TelegramMessageHandlerImpl:61 - com.develop.telegram.exceptions.UnsupportedBotStateException: Unsupported Bot State: SHOW_ADD_WORKOUT_MENU
2023-02-12 19:58:06 ERROR TelegramMessageHandlerImpl:61 - com.develop.telegram.exceptions.UnsupportedBotStateException: Unsupported Bot State: SHOW_MY_TRAINING_MENU
2023-02-12 19:58:16 ERROR ShowWorkoutMenuKeyboardMarkup:67 - You don`t have workouts
2023-02-12 19:58:16 ERROR TelegramMessageHandlerImpl:58 - com.develop.telegram.exceptions.NotAddedWorkoutsException: You don`t have workouts
2023-02-12 19:58:19 ERROR TelegramMessageHandlerImpl:61 - com.develop.telegram.exceptions.UnsupportedBotStateException: Unsupported Bot State: SHOW_ADD_WORKOUT_MENU
2023-02-12 20:02:13 ERROR ShowWorkoutMenuKeyboardMarkup:67 - You don`t have workouts
2023-02-12 20:02:13 ERROR TelegramMessageHandlerImpl:58 - com.develop.telegram.exceptions.NotAddedWorkoutsException: You don`t have workouts
2023-02-12 20:06:15 ERROR ShowWorkoutMenuKeyboardMarkup:67 - You don`t have workouts
2023-02-12 20:08:14 ERROR TelegramMessageHandlerImpl:58 - com.develop.telegram.exceptions.NotAddedWorkoutsException: You don`t have workouts
2023-02-12 20:08:42 ERROR ShowWorkoutMenuKeyboardMarkup:67 - You don`t have workouts
2023-02-12 20:08:42 ERROR TelegramMessageHandlerImpl:58 - com.develop.telegram.exceptions.NotAddedWorkoutsException: You don`t have workouts
2023-02-12 20:08:44 ERROR ShowWorkoutMenuKeyboardMarkup:67 - You don`t have workouts
2023-02-12 20:08:44 ERROR TelegramMessageHandlerImpl:58 - com.develop.telegram.exceptions.NotAddedWorkoutsException: You don`t have workouts
2023-02-12 20:08:46 ERROR ShowWorkoutMenuKeyboardMarkup:67 - You don`t have workouts
2023-02-12 20:08:46 ERROR TelegramMessageHandlerImpl:58 - com.develop.telegram.exceptions.NotAddedWorkoutsException: You don`t have workouts
2023-02-12 20:08:48 ERROR ShowWorkoutMenuKeyboardMarkup:67 - You don`t have workouts
2023-02-12 20:08:48 ERROR TelegramMessageHandlerImpl:58 - com.develop.telegram.exceptions.NotAddedWorkoutsException: You don`t have workouts
2023-02-12 20:08:50 ERROR ShowWorkoutMenuKeyboardMarkup:67 - You don`t have workouts
2023-02-12 20:08:50 ERROR TelegramMessageHandlerImpl:58 - com.develop.telegram.exceptions.NotAddedWorkoutsException: You don`t have workouts
2023-02-12 20:08:51 ERROR ShowWorkoutMenuKeyboardMarkup:67 - You don`t have workouts
2023-02-12 20:08:51 ERROR TelegramMessageHandlerImpl:58 - com.develop.telegram.exceptions.NotAddedWorkoutsException: You don`t have workouts
2023-02-12 20:08:53 ERROR ShowWorkoutMenuKeyboardMarkup:67 - You don`t have workouts
2023-02-12 20:08:53 ERROR TelegramMessageHandlerImpl:58 - com.develop.telegram.exceptions.NotAddedWorkoutsException: You don`t have workouts
2023-02-12 20:08:55 ERROR TelegramMessageHandlerImpl:61 - com.develop.telegram.exceptions.UnsupportedBotStateException: Unsupported Bot State: SHOW_ADD_WORKOUT_MENU
2023-02-12 20:09:00 ERROR TelegramMessageHandlerImpl:61 - com.develop.telegram.exceptions.UnsupportedBotStateException: Unsupported Bot State: SHOW_ADD_WORKOUT_MENU
2023-02-12 20:09:03 ERROR TelegramMessageHandlerImpl:61 - com.develop.telegram.exceptions.UnsupportedBotStateException: Unsupported Bot State: SHOW_ADD_WORKOUT_MENU
2023-02-12 20:09:04 ERROR TelegramMessageHandlerImpl:61 - com.develop.telegram.exceptions.UnsupportedBotStateException: Unsupported Bot State: SHOW_ADD_WORKOUT_MENU
2023-02-12 20:09:04 ERROR TelegramMessageHandlerImpl:61 - com.develop.telegram.exceptions.UnsupportedBotStateException: Unsupported Bot State: SHOW_ADD_WORKOUT_MENU
2023-02-12 20:09:05 ERROR TelegramMessageHandlerImpl:61 - com.develop.telegram.exceptions.UnsupportedBotStateException: Unsupported Bot State: SHOW_ADD_WORKOUT_MENU
2023-02-12 20:09:06 ERROR TelegramMessageHandlerImpl:61 - com.develop.telegram.exceptions.UnsupportedBotStateException: Unsupported Bot State: SHOW_ADD_WORKOUT_MENU
2023-02-12 20:09:06 ERROR TelegramMessageHandlerImpl:61 - com.develop.telegram.exceptions.UnsupportedBotStateException: Unsupported Bot State: SHOW_ADD_WORKOUT_MENU
2023-02-12 20:09:07 ERROR TelegramMessageHandlerImpl:61 - com.develop.telegram.exceptions.UnsupportedBotStateException: Unsupported Bot State: SHOW_ADD_WORKOUT_MENU
2023-02-12 20:09:08 ERROR TelegramMessageHandlerImpl:61 - com.develop.telegram.exceptions.UnsupportedBotStateException: Unsupported Bot State: SHOW_ADD_WORKOUT_MENU
2023-02-12 20:09:12 ERROR ShowWorkoutMenuKeyboardMarkup:67 - You don`t have workouts
2023-02-12 20:09:12 ERROR TelegramMessageHandlerImpl:58 - com.develop.telegram.exceptions.NotAddedWorkoutsException: You don`t have workouts
2023-02-12 20:09:14 ERROR TelegramMessageHandlerImpl:61 - com.develop.telegram.exceptions.UnsupportedBotStateException: Unsupported Bot State: SHOW_MY_TRAINING_MENU
2023-02-12 20:13:00 ERROR ShowWorkoutMenuKeyboardMarkup:67 - You don`t have workouts
2023-02-12 20:13:00 ERROR TelegramMessageHandlerImpl:58 - com.develop.telegram.exceptions.NotAddedWorkoutsException: You don`t have workouts
2023-02-12 20:15:17 ERROR ShowWorkoutMenuKeyboardMarkup:67 - You don`t have workouts
2023-02-12 20:15:28 ERROR TelegramMessageHandlerImpl:58 - com.develop.telegram.exceptions.NotAddedWorkoutsException: You don`t have workouts
2023-02-12 20:18:21 ERROR ShowWorkoutMenuKeyboardMarkup:67 - You don`t have workouts
2023-02-12 20:18:21 ERROR TelegramMessageHandlerImpl:58 - com.develop.telegram.exceptions.NotAddedWorkoutsException: You don`t have workouts
2023-02-12 20:18:21 ERROR ShowWorkoutMenuKeyboardMarkup:67 - You don`t have workouts
2023-02-12 20:22:12 ERROR ShowWorkoutMenuKeyboardMarkup:67 - You don`t have workouts
2023-02-12 20:22:13 ERROR TelegramMessageHandlerImpl:57 - com.develop.telegram.exceptions.NotAddedWorkoutsException: You don`t have workouts
